<?xml version="1.0" encoding="UTF-8" ?>
<testsuite tests="24" failures="0" name="TestSuite" time="0.123" errors="0" skipped="0">
  <properties>
    <property name="java.runtime.name" value="Java(TM) SE Runtime Environment"/>
    <property name="sun.boot.library.path" value="C:\Program Files\Java\jdk1.8.0_144\jre\bin"/>
    <property name="java.vm.version" value="25.144-b01"/>
    <property name="java.vm.vendor" value="Oracle Corporation"/>
    <property name="maven.multiModuleProjectDirectory" value="E:\myworkspace\java\DemoTest"/>
    <property name="java.vendor.url" value="http://java.oracle.com/"/>
    <property name="path.separator" value=";"/>
    <property name="guice.disable.misplaced.annotation.check" value="true"/>
    <property name="java.vm.name" value="Java HotSpot(TM) 64-Bit Server VM"/>
    <property name="file.encoding.pkg" value="sun.io"/>
    <property name="user.script" value=""/>
    <property name="user.country" value="IN"/>
    <property name="sun.java.launcher" value="SUN_STANDARD"/>
    <property name="sun.os.patch.level" value=""/>
    <property name="param" value="QAENVironment"/>
    <property name="java.vm.specification.name" value="Java Virtual Machine Specification"/>
    <property name="user.dir" value="E:\myworkspace\java\DemoTest"/>
    <property name="java.runtime.version" value="1.8.0_144-b01"/>
    <property name="java.awt.graphicsenv" value="sun.awt.Win32GraphicsEnvironment"/>
    <property name="java.endorsed.dirs" value="C:\Program Files\Java\jdk1.8.0_144\jre\lib\endorsed"/>
    <property name="os.arch" value="amd64"/>
    <property name="java.io.tmpdir" value="C:\Users\Yogesh\AppData\Local\Temp\"/>
    <property name="line.separator" value="
"/>
    <property name="java.vm.specification.vendor" value="Oracle Corporation"/>
    <property name="user.variant" value=""/>
    <property name="os.name" value="Windows 10"/>
    <property name="classworlds.conf" value="E:\MySofts\apache-maven-3.3.9\bin\..\bin\m2.conf"/>
    <property name="sun.jnu.encoding" value="Cp1252"/>
    <property name="java.library.path" value="C:\Program Files\Java\jdk1.8.0_144\bin;C:\WINDOWS\Sun\Java\bin;C:\WINDOWS\system32;C:\WINDOWS;C:\WINDOWS\system32;C:\WINDOWS;C:\WINDOWS\System32\WindowsPowerShell\v1.0\;E:\MySofts\apache-maven-3.3.9\bin;C:\Program Files\Microsoft VS Code\bin;C:\WINDOWS\System32\OpenSSH\;C:\Users\Yogesh\Downloads\sqlite-tools-win32-x86-3240000 (1)\sqlite-tools-win32-x86-3240000\;C:\Program Files (x86)\Google\Chrome\Application;E:\MySofts\geckodriver-v0.23.0-win64\;C:\Users\Yogesh\AppData\Local\IPMsg\;C:\Users\Yogesh\AppData\Roaming\Zoom\bin;C:\Program Files\Git\cmd;E:\MySofts\python\PyCharm Community Edition 2017.3.2\bin;C:\Program Files (x86)\Google\Chrome\Application;C:\Program Files\PuTTY\;C:\Users\Yogesh\AppData\Local\Programs\Python\Python36;C:\Users\Yogesh\AppData\Local\Programs\Python\Python36\;C:\Users\Yogesh\AppData\Local\Programs\Python\Python36\\Scripts;C:\Program Files\Java\jdk1.8.0_144\bin;C:\Program Files\nodejs\;C:\Users\Yogesh\AppData\Local\Programs\Python\Python36\Scripts\;C:\Users\Yogesh\AppData\Local\Programs\Python\Python36\;C:\Users\Yogesh\AppData\Local\Microsoft\WindowsApps;C:\Program Files\Microsoft VS Code\bin;E:\myworkspace\python\myweb\local\Lib\site-packages;;C:\Users\Yogesh\AppData\Local\Programs\Microsoft VS Code\bin;C:\Users\Yogesh\AppData\Roaming\npm;."/>
    <property name="java.specification.name" value="Java Platform API Specification"/>
    <property name="java.class.version" value="52.0"/>
    <property name="sun.management.compiler" value="HotSpot 64-Bit Tiered Compilers"/>
    <property name="os.version" value="10.0"/>
    <property name="user.home" value="C:\Users\Yogesh"/>
    <property name="user.timezone" value="Asia/Calcutta"/>
    <property name="java.awt.printerjob" value="sun.awt.windows.WPrinterJob"/>
    <property name="java.specification.version" value="1.8"/>
    <property name="file.encoding" value="Cp1252"/>
    <property name="user.name" value="Yogesh"/>
    <property name="java.class.path" value="E:\MySofts\apache-maven-3.3.9\bin\..\boot\plexus-classworlds-2.5.2.jar"/>
    <property name="java.vm.specification.version" value="1.8"/>
    <property name="sun.arch.data.model" value="64"/>
    <property name="java.home" value="C:\Program Files\Java\jdk1.8.0_144\jre"/>
    <property name="sun.java.command" value="org.codehaus.plexus.classworlds.launcher.Launcher clean install -Dparam=QAENVironment"/>
    <property name="java.specification.vendor" value="Oracle Corporation"/>
    <property name="user.language" value="en"/>
    <property name="awt.toolkit" value="sun.awt.windows.WToolkit"/>
    <property name="java.vm.info" value="mixed mode"/>
    <property name="java.version" value="1.8.0_144"/>
    <property name="java.ext.dirs" value="C:\Program Files\Java\jdk1.8.0_144\jre\lib\ext;C:\WINDOWS\Sun\Java\lib\ext"/>
    <property name="sun.boot.class.path" value="C:\Program Files\Java\jdk1.8.0_144\jre\lib\resources.jar;C:\Program Files\Java\jdk1.8.0_144\jre\lib\rt.jar;C:\Program Files\Java\jdk1.8.0_144\jre\lib\sunrsasign.jar;C:\Program Files\Java\jdk1.8.0_144\jre\lib\jsse.jar;C:\Program Files\Java\jdk1.8.0_144\jre\lib\jce.jar;C:\Program Files\Java\jdk1.8.0_144\jre\lib\charsets.jar;C:\Program Files\Java\jdk1.8.0_144\jre\lib\jfr.jar;C:\Program Files\Java\jdk1.8.0_144\jre\classes"/>
    <property name="sun.stderr.encoding" value="cp437"/>
    <property name="java.vendor" value="Oracle Corporation"/>
    <property name="maven.home" value="E:\MySofts\apache-maven-3.3.9\bin\.."/>
    <property name="file.separator" value="\"/>
    <property name="java.vendor.url.bug" value="http://bugreport.sun.com/bugreport/"/>
    <property name="sun.cpu.endian" value="little"/>
    <property name="sun.io.unicode.encoding" value="UnicodeLittle"/>
    <property name="sun.stdout.encoding" value="cp437"/>
    <property name="sun.desktop" value="windows"/>
    <property name="sun.cpu.isalist" value="amd64"/>
  </properties>
  <testcase classname="com.clc.api.ATest" name="aabcd" time="0.013"/>
  <testcase classname="com.clc.api.ATest" name="asbcd" time="0.016"/>
  <testcase classname="com.clc.api.ATest" name="axbcd" time="0.018"/>
  <testcase classname="com.clc.api.ATest" name="fabcd" time="0.013"/>
  <testcase classname="com.clc.api.ATest" name="pabcd" time="0.001"/>
  <testcase classname="com.clc.api.BTest" name="baabcd" time="0.002"/>
  <testcase classname="com.clc.api.BTest" name="basbcd" time="0"/>
  <testcase classname="com.clc.api.BTest" name="baxbcd" time="0.001"/>
  <testcase classname="com.clc.api.BTest" name="bfabcd" time="0.001"/>
  <testcase classname="com.clc.api.BTest" name="bpabcd" time="0.001"/>
  <testcase classname="com.clc.api.CTest" name="bcasbcd" time="0"/>
  <testcase classname="com.clc.api.CTest" name="bcfabcd" time="0.001"/>
  <testcase classname="com.clc.autheticate.DTest" name="bxasbcd" time="0.002"/>
  <testcase classname="com.clc.autheticate.DTest" name="byfabcd" time="0"/>
  <testcase classname="com.clc.autheticate.ETest" name="b1Efabcd" time="0.004"/>
  <testcase classname="com.clc.autheticate.ETest" name="b2Easbcd" time="0.005"/>
  <testcase classname="com.clc.autheticate.ETest" name="b3Efabcd" time="0"/>
  <testcase classname="com.clc.autheticate.ETest" name="bEasbcd" time="0.001"/>
  <testcase classname="com.clc.login.LoginATest" name="baasbcd" time="0.005"/>
  <testcase classname="com.clc.login.LoginATest" name="basbcd" time="0.002"/>
  <testcase classname="com.clc.login.LoginATest" name="bfadbcd" time="0.022"/>
  <testcase classname="com.clc.login.LoginATest" name="bfsabcd" time="0.012"/>
  <testcase classname="com.clc.login.LoginTest" name="btes1t" time="0.001"/>
  <testcase classname="com.clc.login.LoginTest" name="btest" time="0.002"/>
</testsuite>