<?xml version="1.0" encoding="UTF-8"?>
<!-- Generated by org.testng.reporters.JUnitReportReporter -->
<testsuite hostname="DESKTOP-0KDP1L5" name="com.clc.autheticate.ETest" tests="4" failures="0" timestamp="8 Apr 2019 03:18:47 GMT" time="0.001" errors="0">
  <testcase name="b3Efabcd" time="0.000" classname="com.clc.autheticate.ETest"/>
  <testcase name="bEasbcd" time="0.000" classname="com.clc.autheticate.ETest"/>
  <testcase name="b2Easbcd" time="0.001" classname="com.clc.autheticate.ETest"/>
  <testcase name="b1Efabcd" time="0.000" classname="com.clc.autheticate.ETest"/>
</testsuite> <!-- com.clc.autheticate.ETest -->
