<?xml version="1.0" encoding="UTF-8"?>
<!-- Generated by org.testng.reporters.JUnitReportReporter -->
<testsuite hostname="DESKTOP-0KDP1L5" name="com.clc.login.LoginATest" tests="4" failures="0" timestamp="8 Apr 2019 03:18:47 GMT" time="0.006" errors="0">
  <testcase name="baasbcd" time="0.000" classname="com.clc.login.LoginATest"/>
  <testcase name="bfadbcd" time="0.001" classname="com.clc.login.LoginATest"/>
  <testcase name="basbcd" time="0.003" classname="com.clc.login.LoginATest"/>
  <testcase name="bfsabcd" time="0.002" classname="com.clc.login.LoginATest"/>
</testsuite> <!-- com.clc.login.LoginATest -->
