<?xml version="1.0" encoding="UTF-8"?>
<!-- Generated by org.testng.reporters.JUnitReportReporter -->
<testsuite hostname="DESKTOP-0KDP1L5" name="com.clc.api.CTest" tests="2" failures="0" timestamp="8 Apr 2019 03:18:47 GMT" time="0.009" errors="0">
  <testcase name="bcasbcd" time="0.006" classname="com.clc.api.CTest"/>
  <testcase name="bcfabcd" time="0.003" classname="com.clc.api.CTest"/>
</testsuite> <!-- com.clc.api.CTest -->
