<?xml version="1.0" encoding="UTF-8"?>
<!-- Generated by org.testng.reporters.JUnitReportReporter -->
<testsuite hostname="DESKTOP-0KDP1L5" name="com.clc.api.BTest" tests="5" failures="0" timestamp="8 Apr 2019 03:18:47 GMT" time="0.011" errors="0">
  <testcase name="bfabcd" time="0.003" classname="com.clc.api.BTest"/>
  <testcase name="baabcd" time="0.001" classname="com.clc.api.BTest"/>
  <testcase name="bpabcd" time="0.001" classname="com.clc.api.BTest"/>
  <testcase name="baxbcd" time="0.001" classname="com.clc.api.BTest"/>
  <testcase name="basbcd" time="0.005" classname="com.clc.api.BTest"/>
</testsuite> <!-- com.clc.api.BTest -->
