<?xml version="1.0" encoding="UTF-8"?>
<!-- Generated by org.testng.reporters.JUnitReportReporter -->
<testsuite hostname="DESKTOP-0KDP1L5" name="com.clc.autheticate.DTest" tests="2" failures="0" timestamp="8 Apr 2019 03:18:47 GMT" time="0.002" errors="0">
  <testcase name="byfabcd" time="0.001" classname="com.clc.autheticate.DTest"/>
  <testcase name="bxasbcd" time="0.001" classname="com.clc.autheticate.DTest"/>
</testsuite> <!-- com.clc.autheticate.DTest -->
