<?xml version="1.0" encoding="UTF-8"?>
<!-- Generated by org.testng.reporters.JUnitReportReporter -->
<testsuite hostname="DESKTOP-0KDP1L5" name="com.clc.login.LoginTest" tests="2" failures="0" timestamp="8 Apr 2019 03:18:47 GMT" time="0.001" errors="0">
  <testcase name="btest" time="0.000" classname="com.clc.login.LoginTest"/>
  <testcase name="btes1t" time="0.001" classname="com.clc.login.LoginTest"/>
</testsuite> <!-- com.clc.login.LoginTest -->
