<?xml version="1.0" encoding="UTF-8"?>
<!-- Generated by org.testng.reporters.JUnitReportReporter -->
<testsuite hostname="DESKTOP-0KDP1L5" name="com.clc.api.ATest" tests="5" failures="0" timestamp="8 Apr 2019 03:18:47 GMT" time="0.022" errors="0">
  <testcase name="aabcd" time="0.002" classname="com.clc.api.ATest"/>
  <testcase name="fabcd" time="0.004" classname="com.clc.api.ATest"/>
  <testcase name="axbcd" time="0.002" classname="com.clc.api.ATest"/>
  <testcase name="pabcd" time="0.001" classname="com.clc.api.ATest"/>
  <testcase name="asbcd" time="0.013" classname="com.clc.api.ATest"/>
</testsuite> <!-- com.clc.api.ATest -->
